<?xml version="1.0" encoding="UTF-8"?>
<testsuite name="SquareTests" tests="1" skipped="0" failures="0" errors="0" timestamp="2020-02-09T22:31:27" hostname="XANNARA-PC" time="0.024">
  <properties/>
  <testcase name="testArea" classname="SquareTests" time="0.024"/>
  <system-out><![CDATA[]]></system-out>
  <system-err><![CDATA[]]></system-err>
</testsuite>
