<?xml version="1.0" encoding="UTF-8"?>
<testsuite name="addressbook.GroupCreationTests" tests="1" skipped="0" failures="0" errors="0" timestamp="2020-02-18T20:31:37" hostname="XANNARA-PC" time="9.842">
  <properties/>
  <testcase name="testGroupCreationTests" classname="addressbook.GroupCreationTests" time="9.842"/>
  <system-out><![CDATA[]]></system-out>
  <system-err><![CDATA[Starting ChromeDriver 80.0.3987.106 (f68069574609230cf9b635cd784cfb1bf81bb53a-refs/branch-heads/3987@{#882}) on port 47384
Only local connections are allowed.
Please protect ports used by ChromeDriver and related test frameworks to prevent access by malicious code.
фев 18, 2020 11:31:37 PM org.openqa.selenium.remote.ProtocolHandshake createSession
INFO: Detected dialect: W3C
]]></system-err>
</testsuite>
